$ vite dev --host

  VITE v5.4.21  ready in 874 ms

  ➜  Local:   https://localhost:5173/
  ➜  Network: https://10.147.20.61:5173/
  ➜  Network: https://192.168.111.250:5173/

[1;31m[404] GET /favicon.png[0m

[1;31m[404] GET /favicon.png[0m
2:07:46 PM [vite-plugin-svelte] /Users/macbookair/Documents/website/burningroom/e-ticketing/frontend/src/routes/+layout.svelte:5:11 Layout has unused export property 'data'. If it is for external reference only, please consider using `export const data`
2:07:46 PM [vite-plugin-svelte] /Users/macbookair/Documents/website/burningroom/e-ticketing/frontend/src/routes/+layout.svelte:6:11 Layout has unused export property 'form'. If it is for external reference only, please consider using `export const form`
2:07:46 PM [vite-plugin-svelte] /Users/macbookair/Documents/website/burningroom/e-ticketing/frontend/src/routes/+layout.svelte:7:11 Layout has unused export property 'params'. If it is for external reference only, please consider using `export const params`
2:07:46 PM [vite-plugin-svelte] /Users/macbookair/Documents/website/burningroom/e-ticketing/frontend/src/routes/(app)/tiket/+page.svelte:124:12 A11y: Avoid using autofocus
2:07:46 PM [vite-plugin-svelte] /Users/macbookair/Documents/website/burningroom/e-ticketing/frontend/src/routes/(app)/tiket/+page.svelte:1:29 Page has unused export property 'data'. If it is for external reference only, please consider using `export const data`
2:07:46 PM [vite-plugin-svelte] /Users/macbookair/Documents/website/burningroom/e-ticketing/frontend/src/routes/(app)/tiket/+page.svelte:2:11 Page has unused export property 'form'. If it is for external reference only, please consider using `export const form`
2:07:46 PM [vite-plugin-svelte] /Users/macbookair/Documents/website/burningroom/e-ticketing/frontend/src/routes/(app)/tiket/+page.svelte:3:11 Page has unused export property 'params'. If it is for external reference only, please consider using `export const params`
2:07:46 PM [vite-plugin-svelte] /Users/macbookair/Documents/website/burningroom/e-ticketing/frontend/src/routes/(app)/tiket/+page.svelte:190:2 Unused CSS selector "[data-theme='dark'] .manual-icon"
2:07:46 PM [vite-plugin-svelte] /Users/macbookair/Documents/website/burningroom/e-ticketing/frontend/src/routes/(app)/+layout.svelte:7:11 Layout has unused export property 'data'. If it is for external reference only, please consider using `export const data`
2:07:46 PM [vite-plugin-svelte] /Users/macbookair/Documents/website/burningroom/e-ticketing/frontend/src/routes/(app)/+layout.svelte:8:11 Layout has unused export property 'form'. If it is for external reference only, please consider using `export const form`
2:07:46 PM [vite-plugin-svelte] /Users/macbookair/Documents/website/burningroom/e-ticketing/frontend/src/routes/(app)/+layout.svelte:9:11 Layout has unused export property 'params'. If it is for external reference only, please consider using `export const params`
2:07:46 PM [vite-plugin-svelte] /Users/macbookair/Documents/website/burningroom/e-ticketing/frontend/src/lib/components/layout/Sidebar.svelte:172:2 Unused CSS selector "[data-theme='dark'] .nav-item.active"
2:07:46 PM [vite-plugin-svelte] /Users/macbookair/Documents/website/burningroom/e-ticketing/frontend/src/lib/components/layout/Topbar.svelte:34:23 A11y: Redundant role 'banner'

[1;31m[404] GET /favicon.png[0m
